Arguments: 
  D:\node.js\node.exe D:\yarn\bin\yarn.js add --dev @tepes/echarts

PATH: 
  D:\Git\mingw64\bin;D:\Git\usr\bin;C:\Users\gtc\bin;C:\Program Files\Common Files\Siemens\Automation\Simatic OAM\bin;C:\Program Files (x86)\Common Files\Intel\Shared Libraries\redist\intel64\compiler;C:\Windows\system32;C:\Windows;C:\Windows\System32\Wbem;C:\Windows\System32\WindowsPowerShell\v1.0;C:\Windows\System32\OpenSSH;C:\Program Files (x86)\NVIDIA Corporation\PhysX\Common;C:\Program Files\NVIDIA Corporation\NVIDIA NvDLISR;C:\WINDOWS\system32;C:\WINDOWS;C:\WINDOWS\System32\Wbem;C:\WINDOWS\System32\WindowsPowerShell\v1.0;C:\WINDOWS\System32\OpenSSH;C:\Program Files\Microsoft SQL Server\150\Tools\Binn;C:\Program Files\dotnet;C:\ProgramData\chocolatey\bin;D:\node.js;D:\yarn\bin;C:\Users\gtc\Desktop;D:\Git\cmd;C:\Users\gtc\AppData\Local\Microsoft\WindowsApps;D:\Microsoft VS Code\bin;C:\Users\gtc\.dotnet\tools;C:\Users\gtc\AppData\Roaming\npm;C:\Users\gtc\AppData\Local\Yarn\bin

Yarn version: 
  1.22.5

Node version: 
  16.15.0

Platform: 
  win32 x64

Trace: 
  Error: https://registry.yarnpkg.com/@tepes%2fecharts: Not found
      at Request.params.callback [as _callback] (D:\yarn\lib\cli.js:66097:18)
      at Request.self.callback (D:\yarn\lib\cli.js:140749:22)
      at Request.emit (node:events:527:28)
      at Request.<anonymous> (D:\yarn\lib\cli.js:141721:10)
      at Request.emit (node:events:527:28)
      at IncomingMessage.<anonymous> (D:\yarn\lib\cli.js:141643:12)
      at Object.onceWrapper (node:events:641:28)
      at IncomingMessage.emit (node:events:539:35)
      at endReadableNT (node:internal/streams/readable:1345:12)
      at processTicksAndRejections (node:internal/process/task_queues:83:21)

npm manifest: 
  {
    "dependencies": {
      "@types/echarts": "^4.9.16",
      "echarts": "^5.3.3"
    }
  }

yarn manifest: 
  No manifest

Lockfile: 
  # THIS IS AN AUTOGENERATED FILE. DO NOT EDIT THIS FILE DIRECTLY.
  # yarn lockfile v1
  
  
  "@types/echarts@^4.9.16":
    version "4.9.16"
    resolved "https://registry.yarnpkg.com/@types/echarts/-/echarts-4.9.16.tgz#7156aea4623f3543b083200f6c65e04d3693bcc8"
    integrity sha512-bfiagfPw3dWauAIJ9fgoJQoL4hLWlGcltqwbE6LGye0NIY5xnbZau+mDmadCzGojic3MWuFDCUiO25kl4sRGeA==
    dependencies:
      "@types/zrender" "*"
  
  "@types/zrender@*":
    version "4.0.3"
    resolved "https://registry.yarnpkg.com/@types/zrender/-/zrender-4.0.3.tgz#d18b31648b2f11b9ec672a560836e1887a965ec1"
    integrity sha512-EPI269lkHNsObwILJ1k1z7znLjKyePuWRy/XKK0shSGpBb9cIX307arcwJV4+2NeZj5wEjN06r4D8yFv7sI06g==
  
  echarts@^5.3.3:
    version "5.3.3"
    resolved "https://registry.yarnpkg.com/echarts/-/echarts-5.3.3.tgz#df97b09c4c0e2ffcdfb44acf518d50c50e0b838e"
    integrity sha512-BRw2serInRwO5SIwRviZ6Xgm5Lb7irgz+sLiFMmy/HOaf4SQ+7oYqxKzRHAKp4xHQ05AuHw1xvoQWJjDQq/FGw==
    dependencies:
      tslib "2.3.0"
      zrender "5.3.2"
  
  tslib@2.3.0:
    version "2.3.0"
    resolved "https://registry.yarnpkg.com/tslib/-/tslib-2.3.0.tgz#803b8cdab3e12ba581a4ca41c8839bbb0dacb09e"
    integrity sha512-N82ooyxVNm6h1riLCoyS9e3fuJ3AMG2zIZs2Gd1ATcSFjSA23Q0fzjjZeh0jbJvWVDZ0cJT8yaNNaaXHzueNjg==
  
  zrender@5.3.2:
    version "5.3.2"
    resolved "https://registry.yarnpkg.com/zrender/-/zrender-5.3.2.tgz#f67b11d36d3d020d62411d3bb123eb1c93cccd69"
    integrity sha512-8IiYdfwHj2rx0UeIGZGGU4WEVSDEdeVCaIg/fomejg1Xu6OifAL1GVzIPHg2D+MyUkbNgPWji90t0a8IDk+39w==
    dependencies:
      tslib "2.3.0"
